TN:
SF:script/Deploy.s.sol
FN:10,DeployScript.run
FNDA:0,DeployScript.run
DA:11,0
DA:12,0
DA:14,0
DA:17,0
DA:18,0
DA:21,0
DA:29,0
DA:31,0
DA:34,0
DA:35,0
DA:37,0
DA:44,0
DA:46,0
DA:48,0
FNF:1
FNH:0
LF:14
LH:0
BRF:0
BRH:0
end_of_record
TN:
SF:src/AAVEFlashloan.sol
FN:42,AAVEFlashloan.initialize
FNDA:363,AAVEFlashloan.initialize
DA:43,363
DA:44,363
FN:56,AAVEFlashloan.executeFlashloan
FNDA:1906,AAVEFlashloan.executeFlashloan
DA:62,1902
DA:63,1894
BRDA:63,0,0,2
BRDA:63,0,1,1892
DA:64,1892
BRDA:64,1,0,2
BRDA:64,1,1,1890
DA:67,1890
DA:77,1890
DA:78,1890
DA:80,1890
DA:81,1890
DA:83,1890
DA:84,1890
DA:86,1890
DA:89,1890
DA:100,1877
FN:111,AAVEFlashloan.executeOperation
FNDA:1893,AAVEFlashloan.executeOperation
DA:119,1893
BRDA:119,2,0,1
BRDA:119,2,1,1892
DA:122,1892
BRDA:122,3,0,2
BRDA:122,3,1,1890
DA:123,1890
BRDA:123,4,0,-
BRDA:123,4,1,1890
DA:125,1890
DA:126,1890
DA:127,1890
DA:130,1890
DA:133,1890
DA:136,1890
DA:140,1882
DA:143,1882
DA:146,1882
BRDA:146,5,0,3
BRDA:146,5,1,1879
DA:149,1879
DA:152,1879
DA:156,1879
DA:159,1877
DA:162,1877
DA:165,1877
BRDA:165,6,0,-
BRDA:165,6,1,1877
DA:166,1877
DA:167,1877
BRDA:167,7,0,-
BRDA:167,7,1,1877
DA:168,1877
DA:173,1877
BRDA:173,8,0,-
BRDA:173,8,1,1875
DA:174,1875
DA:178,1877
DA:180,1877
FN:187,AAVEFlashloan.setPool
FNDA:3,AAVEFlashloan.setPool
DA:188,2
FNF:4
FNH:4
LF:41
LH:41
BRF:18
BRH:14
end_of_record
TN:
SF:src/FlashloanBase.sol
FN:63,FlashloanBase.__FlashloanBase_init
FNDA:720,FlashloanBase.__FlashloanBase_init
DA:64,720
DA:65,720
DA:66,720
DA:68,720
BRDA:68,0,0,-
BRDA:68,0,1,720
DA:69,720
DA:70,720
FN:77,FlashloanBase.setFee
FNDA:1558,FlashloanBase.setFee
DA:78,1298
BRDA:78,1,0,515
BRDA:78,1,1,783
DA:79,783
DA:80,783
DA:81,783
FN:88,FlashloanBase.setMinProfit
FNDA:527,FlashloanBase.setMinProfit
DA:89,525
DA:90,525
DA:91,525
FN:97,FlashloanBase.pause
FNDA:14,FlashloanBase.pause
DA:98,13
FN:104,FlashloanBase.unpause
FNDA:5,FlashloanBase.unpause
DA:105,5
FN:117,FlashloanBase._executeWorkflow
FNDA:2381,FlashloanBase._executeWorkflow
DA:121,2381
BRDA:121,2,0,-
BRDA:121,2,1,2381
DA:124,2381
DA:128,2381
DA:129,2381
BRDA:129,3,0,2381
BRDA:129,3,1,2381
DA:131,2381
DA:134,2381
DA:136,2381
BRDA:136,4,0,5
BRDA:136,4,1,2376
FN:150,FlashloanBase._executeWorkflowChain
FNDA:1890,FlashloanBase._executeWorkflowChain
DA:156,1890
BRDA:156,5,0,-
BRDA:156,5,1,1890
DA:157,1890
BRDA:157,6,0,-
BRDA:157,6,1,1890
DA:159,1890
DA:160,1890
DA:163,1890
DA:166,2361
DA:167,2361
BRDA:167,7,0,-
BRDA:167,7,1,2361
DA:168,2361
DA:170,0
DA:174,2361
BRDA:174,8,0,-
BRDA:174,8,1,1890
DA:176,1890
BRDA:176,9,0,-
BRDA:176,9,1,1890
DA:182,2361
BRDA:182,10,0,4
BRDA:182,10,1,1886
DA:184,1890
BRDA:184,11,0,4
BRDA:184,11,1,1886
DA:188,2357
DA:190,2353
BRDA:190,12,0,-
BRDA:190,12,1,2353
DA:193,2353
DA:194,2353
DA:198,1882
BRDA:198,13,0,-
BRDA:198,13,1,1882
DA:199,1882
FN:207,FlashloanBase._calculateFee
FNDA:1896,FlashloanBase._calculateFee
DA:208,1896
FN:216,FlashloanBase._validateFlashloanParams
FNDA:1927,FlashloanBase._validateFlashloanParams
DA:217,1927
BRDA:217,14,0,3
BRDA:217,14,1,1924
DA:218,1924
BRDA:218,15,0,7
BRDA:218,15,1,1917
FN:226,FlashloanBase._validateProfit
FNDA:1896,FlashloanBase._validateProfit
DA:227,1896
DA:228,1896
BRDA:228,16,0,3
BRDA:228,16,1,1893
FN:234,FlashloanBase._authorizeUpgrade
FNDA:1,FlashloanBase._authorizeUpgrade
FN:241,FlashloanBase.withdrawFees
FNDA:520,FlashloanBase.withdrawFees
DA:242,518
DA:243,518
DA:244,518
BRDA:244,17,0,-
BRDA:244,17,1,517
DA:245,517
FN:252,FlashloanBase.emergencyWithdraw
FNDA:4,FlashloanBase.emergencyWithdraw
DA:253,2
DA:254,2
BRDA:254,18,0,-
BRDA:254,18,1,2
FNF:13
FNH:13
LF:52
LH:51
BRF:38
BRH:27
end_of_record
TN:
SF:src/UniswapFlashSwap.sol
FN:42,UniswapFlashSwap.initialize
FNDA:357,UniswapFlashSwap.initialize
DA:43,357
FN:57,UniswapFlashSwap.executeFlashSwap
FNDA:26,UniswapFlashSwap.executeFlashSwap
DA:65,25
DA:66,23
BRDA:66,0,0,2
BRDA:66,0,1,21
DA:67,21
BRDA:67,1,0,-
BRDA:67,1,1,21
DA:68,21
BRDA:68,2,0,-
BRDA:68,2,1,21
DA:70,21
DA:73,21
DA:74,21
DA:75,21
BRDA:75,3,0,2
BRDA:75,3,1,19
DA:81,19
DA:93,19
DA:97,19
DA:106,16
FN:115,UniswapFlashSwap.uniswapV3SwapCallback
FNDA:20,UniswapFlashSwap.uniswapV3SwapCallback
DA:117,20
BRDA:117,4,0,1
BRDA:117,4,1,19
DA:118,19
BRDA:118,5,0,-
BRDA:118,5,1,19
DA:121,19
BRDA:121,6,0,-
BRDA:121,6,1,19
DA:124,19
DA:125,19
DA:126,19
DA:127,19
DA:129,19
DA:130,19
DA:131,19
DA:138,19
BRDA:138,7,0,13
BRDA:138,7,1,6
DA:140,13
DA:141,13
DA:142,13
DA:143,13
DA:146,6
DA:147,6
DA:148,6
DA:149,6
DA:153,19
DA:158,19
DA:161,19
DA:165,19
DA:166,19
DA:169,19
BRDA:169,8,0,-
BRDA:169,8,1,19
DA:171,19
DA:173,24
DA:174,24
DA:177,24
DA:178,23
BRDA:178,9,0,-
BRDA:178,9,1,23
DA:180,23
DA:181,23
DA:185,18
BRDA:185,10,0,1
BRDA:185,10,1,17
DA:188,17
BRDA:188,11,0,-
BRDA:188,11,1,17
DA:191,17
FN:202,UniswapFlashSwap._processUniswapProfitAndEmit
FNDA:17,UniswapFlashSwap._processUniswapProfitAndEmit
DA:209,17
DA:210,17
DA:211,17
DA:212,17
DA:214,16
DA:215,16
BRDA:215,12,0,-
BRDA:215,12,1,16
DA:216,16
DA:217,16
BRDA:217,13,0,-
BRDA:217,13,1,16
DA:218,16
DA:222,16
FNF:4
FNH:4
LF:58
LH:58
BRF:28
BRH:19
end_of_record
TN:
SF:src/examples/SimpleSwapWorkflow.sol
FN:32,SimpleSwapWorkflow.executeWorkflow
FNDA:0,SimpleSwapWorkflow.executeWorkflow
DA:38,0
DA:41,0
DA:45,0
DA:46,0
DA:48,0
BRDA:48,0,0,-
BRDA:48,0,1,-
DA:49,0
DA:53,0
DA:56,0
BRDA:56,1,0,-
BRDA:56,1,1,-
DA:57,0
DA:59,0
DA:60,0
DA:63,0
FNF:1
FNH:0
LF:12
LH:0
BRF:4
BRH:0
end_of_record
TN:
SF:src/utils/OwnableUpgradeable.sol
FN:21,OwnableUpgradeable.__Ownable_init
FNDA:720,OwnableUpgradeable.__Ownable_init
DA:22,720
BRDA:22,0,0,-
BRDA:22,0,1,720
DA:23,0
DA:25,720
FN:39,OwnableUpgradeable.owner
FNDA:541,OwnableUpgradeable.owner
DA:40,3175
FN:46,OwnableUpgradeable._checkOwner
FNDA:2632,OwnableUpgradeable._checkOwner
DA:47,2632
BRDA:47,1,0,268
BRDA:47,1,1,2364
DA:48,268
FN:56,OwnableUpgradeable.transferOwnership
FNDA:0,OwnableUpgradeable.transferOwnership
DA:57,0
BRDA:57,2,0,-
BRDA:57,2,1,-
DA:58,0
DA:60,0
FN:67,OwnableUpgradeable._transferOwnership
FNDA:720,OwnableUpgradeable._transferOwnership
DA:68,720
DA:69,720
DA:70,720
FNF:5
FNH:4
LF:12
LH:8
BRF:6
BRH:3
end_of_record
TN:
SF:src/utils/PausableUpgradeable.sol
FN:22,PausableUpgradeable.__Pausable_init
FNDA:720,PausableUpgradeable.__Pausable_init
DA:23,720
FN:26,PausableUpgradeable.__Pausable_init_unchained
FNDA:720,PausableUpgradeable.__Pausable_init_unchained
DA:27,720
FN:49,PausableUpgradeable.paused
FNDA:33,PausableUpgradeable.paused
DA:50,1983
FN:56,PausableUpgradeable._requireNotPaused
FNDA:1945,PausableUpgradeable._requireNotPaused
DA:57,1945
BRDA:57,0,0,5
BRDA:57,0,1,1940
DA:58,5
FN:65,PausableUpgradeable._requirePaused
FNDA:5,PausableUpgradeable._requirePaused
DA:66,5
BRDA:66,1,0,-
BRDA:66,1,1,5
DA:67,0
FN:74,PausableUpgradeable._pause
FNDA:13,PausableUpgradeable._pause
DA:75,13
DA:76,13
FN:82,PausableUpgradeable._unpause
FNDA:5,PausableUpgradeable._unpause
DA:83,5
DA:84,5
FNF:7
FNH:7
LF:11
LH:10
BRF:4
BRH:3
end_of_record
TN:
SF:src/utils/ReentrancyGuardUpgradeable.sol
FN:20,ReentrancyGuardUpgradeable.__ReentrancyGuard_init
FNDA:720,ReentrancyGuardUpgradeable.__ReentrancyGuard_init
DA:21,720
FN:24,ReentrancyGuardUpgradeable.__ReentrancyGuard_init_unchained
FNDA:0,ReentrancyGuardUpgradeable.__ReentrancyGuard_init_unchained
DA:25,0
FN:37,ReentrancyGuardUpgradeable._nonReentrantBefore
FNDA:1932,ReentrancyGuardUpgradeable._nonReentrantBefore
DA:39,1932
BRDA:39,0,0,-
BRDA:39,0,1,1932
DA:40,0
DA:44,1932
FN:47,ReentrancyGuardUpgradeable._nonReentrantAfter
FNDA:1893,ReentrancyGuardUpgradeable._nonReentrantAfter
DA:50,1893
FNF:4
FNH:3
LF:6
LH:4
BRF:2
BRH:1
end_of_record
TN:
SF:test/invariant/FlashloanInvariant.t.sol
FN:210,Handler.executeAAVEFlashloan
FNDA:6,Handler.executeAAVEFlashloan
DA:212,6
DA:213,6
DA:216,6
BRDA:216,0,0,-
BRDA:216,0,1,-
DA:217,0
DA:221,6
DA:224,6
DA:225,6
DA:228,6
DA:229,6
DA:232,6
BRDA:232,1,0,1
BRDA:232,1,1,5
DA:235,5
DA:236,5
DA:237,5
DA:238,5
DA:239,5
FN:261,Handler.executeUniswapFlashSwap
FNDA:9,Handler.executeUniswapFlashSwap
DA:263,9
DA:264,9
DA:267,9
BRDA:267,2,0,-
BRDA:267,2,1,-
DA:268,0
DA:269,0
DA:273,9
DA:274,9
DA:275,9
DA:278,9
DA:281,9
BRDA:281,3,0,-
BRDA:281,3,1,9
DA:284,9
DA:285,9
DA:286,9
DA:287,9
DA:288,9
FN:318,Handler.ownerSetFee
FNDA:8,Handler.ownerSetFee
DA:319,8
DA:321,8
DA:322,8
DA:327,8
FN:333,Handler.ownerSetMinProfit
FNDA:7,Handler.ownerSetMinProfit
DA:334,7
DA:336,7
DA:337,7
DA:342,7
FN:348,Handler.ownerTogglePause
FNDA:9,Handler.ownerTogglePause
DA:349,9
DA:350,9
BRDA:350,4,0,-
BRDA:350,4,1,2
DA:351,2
DA:352,7
BRDA:352,5,0,-
BRDA:352,5,1,-
DA:353,0
DA:355,9
FN:40,FlashloanInvariant.setUp
FNDA:5,FlashloanInvariant.setUp
DA:42,5
DA:43,5
DA:44,5
DA:47,5
DA:48,5
DA:49,5
DA:52,5
DA:53,5
DA:55,5
DA:56,5
DA:57,5
DA:60,5
DA:61,5
DA:62,5
DA:63,5
DA:64,5
DA:67,5
DA:68,5
DA:69,5
DA:70,5
DA:71,5
DA:74,5
DA:77,5
DA:78,5
DA:79,5
DA:82,5
DA:83,5
DA:84,5
DA:87,5
FN:93,FlashloanInvariant.invariant_feeBpsWithinLimit
FNDA:0,FlashloanInvariant.invariant_feeBpsWithinLimit
DA:94,0
DA:95,0
FN:102,FlashloanInvariant.invariant_solvency
FNDA:0,FlashloanInvariant.invariant_solvency
DA:103,0
DA:106,0
DA:108,0
DA:109,0
FN:115,FlashloanInvariant.invariant_ownerSet
FNDA:0,FlashloanInvariant.invariant_ownerSet
DA:116,0
DA:117,0
DA:118,0
DA:119,0
FN:125,FlashloanInvariant.invariant_poolSet
FNDA:0,FlashloanInvariant.invariant_poolSet
DA:126,0
FN:132,FlashloanInvariant.invariant_minProfitReasonable
FNDA:0,FlashloanInvariant.invariant_minProfitReasonable
DA:133,0
DA:134,0
FNF:11
FNH:6
LF:86
LH:69
BRF:12
BRH:4
end_of_record
TN:
SF:test/mocks/MockAAVEPool.sol
FN:11,MockAAVEPool.flashLoan
FNDA:1890,MockAAVEPool.flashLoan
DA:20,1890
BRDA:20,0,0,-
BRDA:20,0,1,1890
DA:23,1890
DA:24,1890
DA:28,1890
DA:29,1890
DA:30,1890
DA:34,1890
BRDA:34,1,0,-
BRDA:34,1,1,1877
DA:40,1877
DA:41,1877
FNF:1
FNH:1
LF:9
LH:9
BRF:4
BRH:2
end_of_record
TN:
SF:test/mocks/MockERC20.sol
FN:21,MockERC20.totalSupply
FNDA:0,MockERC20.totalSupply
DA:22,0
FN:25,MockERC20.balanceOf
FNDA:5285,MockERC20.balanceOf
DA:26,5285
FN:29,MockERC20.transfer
FNDA:6210,MockERC20.transfer
DA:30,6210
DA:31,6210
FN:34,MockERC20.allowance
FNDA:16,MockERC20.allowance
DA:35,16
FN:38,MockERC20.approve
FNDA:1951,MockERC20.approve
DA:39,1951
DA:40,1951
FN:43,MockERC20.transferFrom
FNDA:1893,MockERC20.transferFrom
DA:44,1893
DA:45,1893
BRDA:45,0,0,-
BRDA:45,0,1,1893
DA:46,1893
DA:47,1893
DA:48,1893
FN:51,MockERC20.mint
FNDA:4749,MockERC20.mint
DA:52,4749
DA:53,4749
DA:54,4749
FN:57,MockERC20._transfer
FNDA:8103,MockERC20._transfer
DA:58,8103
BRDA:58,1,0,-
BRDA:58,1,1,8103
DA:59,8103
DA:60,8103
DA:61,8103
FN:64,MockERC20._approve
FNDA:3844,MockERC20._approve
DA:65,3844
DA:66,3844
FNF:9
FNH:8
LF:21
LH:20
BRF:4
BRH:2
end_of_record
TN:
SF:test/mocks/MockUniswapPool.sol
FN:19,MockUniswapPool.swap
FNDA:19,MockUniswapPool.swap
DA:28,19
BRDA:28,0,0,-
BRDA:28,0,1,-
DA:30,13
DA:31,13
DA:35,13
DA:39,13
DA:44,10
DA:45,10
BRDA:45,1,0,-
BRDA:45,1,1,10
DA:46,10
DA:49,0
DA:50,0
BRDA:50,2,0,-
BRDA:50,2,1,-
DA:51,0
DA:53,0
BRDA:53,3,0,-
BRDA:53,3,1,-
DA:57,10
DA:60,6
DA:61,6
DA:64,6
DA:68,6
DA:73,6
DA:74,6
BRDA:74,4,0,-
BRDA:74,4,1,6
DA:75,6
DA:78,0
DA:79,0
BRDA:79,5,0,-
BRDA:79,5,1,-
DA:80,0
DA:82,0
BRDA:82,6,0,-
BRDA:82,6,1,-
DA:86,6
FNF:1
FNH:1
LF:25
LH:17
BRF:14
BRH:2
end_of_record
TN:
SF:test/mocks/MockWorkflow.sol
FN:32,MockWorkflow.executeWorkflow
FNDA:2395,MockWorkflow.executeWorkflow
DA:38,2395
DA:39,2395
DA:40,2395
BRDA:40,0,0,2377
BRDA:40,0,1,2377
DA:41,2381
DA:43,2377
BRDA:43,1,0,2377
BRDA:43,1,1,2377
DA:44,2377
DA:49,2391
DA:52,2388
BRDA:52,2,0,1
BRDA:52,2,1,2387
DA:53,1
DA:61,2387
DA:62,2387
DA:64,2387
DA:65,2387
FN:69,MockWorkflow.mintTokens
FNDA:18,MockWorkflow.mintTokens
DA:70,18
FN:79,FailingWorkflow.executeWorkflow
FNDA:4,FailingWorkflow.executeWorkflow
DA:80,4
FNF:3
FNH:3
LF:15
LH:15
BRF:6
BRH:6
end_of_record
